1.21.obj : error LNK2005: main 已经在 1.20.obj 中定义
E:\项目存放\1.20\x64\Debug\1.20.exe : fatal error LNK1169: 找到一个或多个多重定义的符号
